Performing C SOURCE FILE Test CMAKE_HAVE_LIBC_PTHREAD failed with the following output:
Change Dir: /home/test/tmp/tmp.GX3rWmiym4/cmake-build-debug/CMakeFiles/CMakeTmp

Run Build Command(s):/usr/bin/make cmTC_d6e5d/fast && /usr/bin/make -f CMakeFiles/cmTC_d6e5d.dir/build.make CMakeFiles/cmTC_d6e5d.dir/build
make[1]: Entering directory '/home/test/tmp/tmp.GX3rWmiym4/cmake-build-debug/CMakeFiles/CMakeTmp'
Building C object CMakeFiles/cmTC_d6e5d.dir/src.c.o
/usr/bin/gcc   -DCMAKE_HAVE_LIBC_PTHREAD   -o CMakeFiles/cmTC_d6e5d.dir/src.c.o   -c /home/test/tmp/tmp.GX3rWmiym4/cmake-build-debug/CMakeFiles/CMakeTmp/src.c
Linking C executable cmTC_d6e5d
/usr/bin/cmake -E cmake_link_script CMakeFiles/cmTC_d6e5d.dir/link.txt --verbose=1
/usr/bin/gcc  -DCMAKE_HAVE_LIBC_PTHREAD    -rdynamic CMakeFiles/cmTC_d6e5d.dir/src.c.o  -o cmTC_d6e5d 
/usr/lib64/gcc/x86_64-suse-linux/7/../../../../x86_64-suse-linux/bin/ld: CMakeFiles/cmTC_d6e5d.dir/src.c.o: in function `main':
src.c:(.text+0x2d): undefined reference to `pthread_create'
/usr/lib64/gcc/x86_64-suse-linux/7/../../../../x86_64-suse-linux/bin/ld: src.c:(.text+0x39): undefined reference to `pthread_detach'
/usr/lib64/gcc/x86_64-suse-linux/7/../../../../x86_64-suse-linux/bin/ld: src.c:(.text+0x45): undefined reference to `pthread_cancel'
/usr/lib64/gcc/x86_64-suse-linux/7/../../../../x86_64-suse-linux/bin/ld: src.c:(.text+0x56): undefined reference to `pthread_join'
collect2: error: ld returned 1 exit status
make[1]: *** [CMakeFiles/cmTC_d6e5d.dir/build.make:104: cmTC_d6e5d] Error 1
make[1]: Leaving directory '/home/test/tmp/tmp.GX3rWmiym4/cmake-build-debug/CMakeFiles/CMakeTmp'
make: *** [Makefile:138: cmTC_d6e5d/fast] Error 2


Source file was:
#include <pthread.h>

void* test_func(void* data)
{
  return data;
}

int main(void)
{
  pthread_t thread;
  pthread_create(&thread, NULL, test_func, NULL);
  pthread_detach(thread);
  pthread_cancel(thread);
  pthread_join(thread, NULL);
  pthread_atfork(NULL, NULL, NULL);
  pthread_exit(NULL);

  return 0;
}

Determining if the function pthread_create exists in the pthreads failed with the following output:
Change Dir: /home/test/tmp/tmp.GX3rWmiym4/cmake-build-debug/CMakeFiles/CMakeTmp

Run Build Command(s):/usr/bin/make cmTC_f4031/fast && /usr/bin/make -f CMakeFiles/cmTC_f4031.dir/build.make CMakeFiles/cmTC_f4031.dir/build
make[1]: Entering directory '/home/test/tmp/tmp.GX3rWmiym4/cmake-build-debug/CMakeFiles/CMakeTmp'
Building C object CMakeFiles/cmTC_f4031.dir/CheckFunctionExists.c.o
/usr/bin/gcc   -DCHECK_FUNCTION_EXISTS=pthread_create   -o CMakeFiles/cmTC_f4031.dir/CheckFunctionExists.c.o   -c /usr/share/cmake/Modules/CheckFunctionExists.c
Linking C executable cmTC_f4031
/usr/bin/cmake -E cmake_link_script CMakeFiles/cmTC_f4031.dir/link.txt --verbose=1
/usr/bin/gcc  -DCHECK_FUNCTION_EXISTS=pthread_create    -rdynamic CMakeFiles/cmTC_f4031.dir/CheckFunctionExists.c.o  -o cmTC_f4031  -lpthreads 
/usr/lib64/gcc/x86_64-suse-linux/7/../../../../x86_64-suse-linux/bin/ld: cannot find -lpthreads
collect2: error: ld returned 1 exit status
make[1]: *** [CMakeFiles/cmTC_f4031.dir/build.make:104: cmTC_f4031] Error 1
make[1]: Leaving directory '/home/test/tmp/tmp.GX3rWmiym4/cmake-build-debug/CMakeFiles/CMakeTmp'
make: *** [Makefile:138: cmTC_f4031/fast] Error 2



