Performing C SOURCE FILE Test CMAKE_HAVE_LIBC_PTHREAD failed with the following output:
Change Dir: /home/test/tmp/tmp.WV7ZE53D7y/cmake-build-debug/CMakeFiles/CMakeTmp

Run Build Command(s):/usr/bin/make cmTC_7966c/fast && /usr/bin/make -f CMakeFiles/cmTC_7966c.dir/build.make CMakeFiles/cmTC_7966c.dir/build
make[1]: Entering directory '/home/test/tmp/tmp.WV7ZE53D7y/cmake-build-debug/CMakeFiles/CMakeTmp'
Building C object CMakeFiles/cmTC_7966c.dir/src.c.o
/usr/bin/gcc   -DCMAKE_HAVE_LIBC_PTHREAD   -o CMakeFiles/cmTC_7966c.dir/src.c.o   -c /home/test/tmp/tmp.WV7ZE53D7y/cmake-build-debug/CMakeFiles/CMakeTmp/src.c
Linking C executable cmTC_7966c
/usr/bin/cmake -E cmake_link_script CMakeFiles/cmTC_7966c.dir/link.txt --verbose=1
/usr/bin/gcc  -DCMAKE_HAVE_LIBC_PTHREAD    -rdynamic CMakeFiles/cmTC_7966c.dir/src.c.o  -o cmTC_7966c 
/usr/lib64/gcc/x86_64-suse-linux/7/../../../../x86_64-suse-linux/bin/ld: CMakeFiles/cmTC_7966c.dir/src.c.o: in function `main':
src.c:(.text+0x2d): undefined reference to `pthread_create'
/usr/lib64/gcc/x86_64-suse-linux/7/../../../../x86_64-suse-linux/bin/ld: src.c:(.text+0x39): undefined reference to `pthread_detach'
/usr/lib64/gcc/x86_64-suse-linux/7/../../../../x86_64-suse-linux/bin/ld: src.c:(.text+0x45): undefined reference to `pthread_cancel'
/usr/lib64/gcc/x86_64-suse-linux/7/../../../../x86_64-suse-linux/bin/ld: src.c:(.text+0x56): undefined reference to `pthread_join'
collect2: error: ld returned 1 exit status
make[1]: *** [CMakeFiles/cmTC_7966c.dir/build.make:104: cmTC_7966c] Error 1
make[1]: Leaving directory '/home/test/tmp/tmp.WV7ZE53D7y/cmake-build-debug/CMakeFiles/CMakeTmp'
make: *** [Makefile:138: cmTC_7966c/fast] Error 2


Source file was:
#include <pthread.h>

void* test_func(void* data)
{
  return data;
}

int main(void)
{
  pthread_t thread;
  pthread_create(&thread, NULL, test_func, NULL);
  pthread_detach(thread);
  pthread_cancel(thread);
  pthread_join(thread, NULL);
  pthread_atfork(NULL, NULL, NULL);
  pthread_exit(NULL);

  return 0;
}

Determining if the function pthread_create exists in the pthreads failed with the following output:
Change Dir: /home/test/tmp/tmp.WV7ZE53D7y/cmake-build-debug/CMakeFiles/CMakeTmp

Run Build Command(s):/usr/bin/make cmTC_f254c/fast && /usr/bin/make -f CMakeFiles/cmTC_f254c.dir/build.make CMakeFiles/cmTC_f254c.dir/build
make[1]: Entering directory '/home/test/tmp/tmp.WV7ZE53D7y/cmake-build-debug/CMakeFiles/CMakeTmp'
Building C object CMakeFiles/cmTC_f254c.dir/CheckFunctionExists.c.o
/usr/bin/gcc   -DCHECK_FUNCTION_EXISTS=pthread_create   -o CMakeFiles/cmTC_f254c.dir/CheckFunctionExists.c.o   -c /usr/share/cmake/Modules/CheckFunctionExists.c
Linking C executable cmTC_f254c
/usr/bin/cmake -E cmake_link_script CMakeFiles/cmTC_f254c.dir/link.txt --verbose=1
/usr/bin/gcc  -DCHECK_FUNCTION_EXISTS=pthread_create    -rdynamic CMakeFiles/cmTC_f254c.dir/CheckFunctionExists.c.o  -o cmTC_f254c  -lpthreads 
/usr/lib64/gcc/x86_64-suse-linux/7/../../../../x86_64-suse-linux/bin/ld: cannot find -lpthreads
collect2: error: ld returned 1 exit status
make[1]: *** [CMakeFiles/cmTC_f254c.dir/build.make:104: cmTC_f254c] Error 1
make[1]: Leaving directory '/home/test/tmp/tmp.WV7ZE53D7y/cmake-build-debug/CMakeFiles/CMakeTmp'
make: *** [Makefile:138: cmTC_f254c/fast] Error 2



